<?xml version="1.0" encoding="UTF-8"?>
<testsuite xmlns:xsi="http://www.w3.org/2001/XMLSchema-instance" xsi:noNamespaceSchemaLocation="https://maven.apache.org/surefire/maven-surefire-plugin/xsd/surefire-test-report-3.0.xsd" version="3.0" name="com.hospital.security.AuthServiceTest" time="0.526" tests="4" errors="0" skipped="0" failures="0">
  <properties>
[...]
</properties>
  <testcase name="testLoginWithValidCredentials" classname="com.hospital.security.AuthServiceTest" time="0.497">
    <system-out><![CDATA[22:02:46.687 [main] INFO  com.hospital.security.AuthService - Attempting login for user: doctor1
]]></system-out>
  </testcase>
  <testcase name="testLoginWithInvalidPassword" classname="com.hospital.security.AuthServiceTest" time="0.002">
    <system-out><![CDATA[22:02:46.703 [main] INFO  com.hospital.security.AuthService - Attempting login for user: doctor1
]]></system-out>
  </testcase>
  <testcase name="testLogout" classname="com.hospital.security.AuthServiceTest" time="0.002">
    <system-out><![CDATA[22:02:46.705 [main] INFO  com.hospital.security.AuthService - Attempting login for user: doctor1
22:02:46.705 [main] INFO  com.hospital.security.AuthService - User logged out
]]></system-out>
  </testcase>
  <testcase name="testLoginWithInvalidUsername" classname="com.hospital.security.AuthServiceTest" time="0.002">
    <system-out><![CDATA[22:02:46.708 [main] INFO  com.hospital.security.AuthService - Attempting login for user: nonexistent
]]></system-out>
  </testcase>
</testsuite>